<?xml version="1.0" encoding="utf-8"?><testsuites name="pytest tests"><testsuite name="pytest" errors="0" failures="0" skipped="0" tests="24" time="5.598" timestamp="2026-04-17T18:38:20.617454+00:00" hostname="agent-env-130723ac-c42f-4b8e-a70c-4ecf543490bc"><testcase classname="tests.test_api.TestSeedAndDashboard" name="test_seed_endpoint" time="0.276" /><testcase classname="tests.test_api.TestSeedAndDashboard" name="test_dashboard_returns_correct_counts" time="0.423" /><testcase classname="tests.test_api.TestEditions" name="test_list_editions" time="0.148" /><testcase classname="tests.test_api.TestEditions" name="test_create_edition" time="0.159" /><testcase classname="tests.test_api.TestEditions" name="test_edition_summary" time="0.194" /><testcase classname="tests.test_api.TestEditions" name="test_delete_edition" time="0.202" /><testcase classname="tests.test_api.TestPlayers" name="test_list_players" time="0.152" /><testcase classname="tests.test_api.TestPlayers" name="test_create_player" time="0.197" /><testcase classname="tests.test_api.TestPlayers" name="test_player_profile" time="0.268" /><testcase classname="tests.test_api.TestPlayers" name="test_update_player" time="0.218" /><testcase classname="tests.test_api.TestPlayers" name="test_delete_player" time="0.277" /><testcase classname="tests.test_api.TestChampionships" name="test_list_championships" time="0.153" /><testcase classname="tests.test_api.TestChampionships" name="test_create_championship" time="0.255" /><testcase classname="tests.test_api.TestChampionships" name="test_championship_detail_with_standings" time="0.159" /><testcase classname="tests.test_api.TestChampionships" name="test_add_match_and_finish_championship" time="0.350" /><testcase classname="tests.test_api.TestChampionships" name="test_delete_championship" time="0.344" /><testcase classname="tests.test_api.TestCups" name="test_list_cups" time="0.114" /><testcase classname="tests.test_api.TestCups" name="test_create_cup_sf_format" time="0.242" /><testcase classname="tests.test_api.TestCups" name="test_cup_match_advances_winner" time="0.320" /><testcase classname="tests.test_api.TestCups" name="test_delete_cup" time="0.366" /><testcase classname="tests.test_api.TestRankingsAndHistory" name="test_rankings_general" time="0.127" /><testcase classname="tests.test_api.TestRankingsAndHistory" name="test_rankings_by_edition" time="0.207" /><testcase classname="tests.test_api.TestRankingsAndHistory" name="test_head2head" time="0.197" /><testcase classname="tests.test_api.TestRankingsAndHistory" name="test_history" time="0.114" /></testsuite></testsuites>